<?xml version="1.0" encoding="UTF-8"?>
<testng-results skipped="0" failed="0" total="1" passed="1">
  <reporter-output>
  </reporter-output>
  <suite name="Default suite" duration-ms="21640" started-at="2019-10-12T06:30:59Z" finished-at="2019-10-12T06:31:20Z">
    <groups>
    </groups>
    <test name="Default test" duration-ms="21640" started-at="2019-10-12T06:30:59Z" finished-at="2019-10-12T06:31:20Z">
      <class name="Automation.Travelers.CarsTest">
        <test-method status="PASS" signature="test()[pri:0, instance:Automation.Travelers.CarsTest@724af044]" name="test" duration-ms="21601" started-at="2019-10-12T12:00:59Z" finished-at="2019-10-12T12:01:20Z">
          <reporter-output>
          </reporter-output>
        </test-method> <!-- test -->
      </class> <!-- Automation.Travelers.CarsTest -->
    </test> <!-- Default test -->
  </suite> <!-- Default suite -->
</testng-results>
